2012/12/20 16:25:46 [error] [php] Undefined index: url (/home/oborja/public_html/gitSHEWEB/sheweb/html/sheweb/protected/extensions/menu/SMenu.php:259)
Stack trace:
#0 /home/oborja/public_html/gitSHEWEB/sheweb/html/sheweb/protected/extensions/menu/SMenu.php(125): SMenu->createMarkUp()
#1 /home/oborja/public_html/gitSHEWEB/sheweb/yii-1.1.12.b600af/framework/web/CBaseController.php(174): SMenu->run()
#2 /home/oborja/public_html/gitSHEWEB/sheweb/html/sheweb/protected/modules/Parametros/views/default/index.php(71): DefaultController->widget()
#3 /home/oborja/public_html/gitSHEWEB/sheweb/yii-1.1.12.b600af/framework/web/CBaseController.php(127): require()
#4 /home/oborja/public_html/gitSHEWEB/sheweb/yii-1.1.12.b600af/framework/web/CBaseController.php(96): DefaultController->renderInternal()
#5 /home/oborja/public_html/gitSHEWEB/sheweb/yii-1.1.12.b600af/framework/web/CController.php(870): DefaultController->renderFile()
#6 /home/oborja/public_html/gitSHEWEB/sheweb/yii-1.1.12.b600af/framework/web/CController.php(783): DefaultController->renderPartial()
#7 /home/oborja/public_html/gitSHEWEB/sheweb/html/sheweb/protected/modules/Parametros/controllers/DefaultController.php(7): DefaultController->render()
#8 /home/oborja/public_html/gitSHEWEB/sheweb/yii-1.1.12.b600af/framework/web/actions/CInlineAction.php(50): DefaultController->actionIndex()
#9 /home/oborja/public_html/gitSHEWEB/sheweb/yii-1.1.12.b600af/framework/web/CController.php(309): CInlineAction->runWithParams()
#10 /home/oborja/public_html/gitSHEWEB/sheweb/yii-1.1.12.b600af/framework/web/CController.php(287): DefaultController->runAction()
#11 /home/oborja/public_html/gitSHEWEB/sheweb/yii-1.1.12.b600af/framework/web/CController.php(266): DefaultController->runActionWithFilters()
#12 /home/oborja/public_html/gitSHEWEB/sheweb/yii-1.1.12.b600af/framework/web/CWebApplication.php(283): DefaultController->run()
#13 /home/oborja/public_html/gitSHEWEB/sheweb/yii-1.1.12.b600af/framework/web/CWebApplication.php(142): CWebApplication->runController()
#14 /home/oborja/public_html/gitSHEWEB/sheweb/yii-1.1.12.b600af/framework/base/CApplication.php(162): CWebApplication->processRequest()
#15 /home/oborja/public_html/gitSHEWEB/sheweb/html/sheweb/index.php(13): CWebApplication->run()
REQUEST_URI=/~oborja/gitSHEWEB/sheweb/html/sheweb/index.php/Parametros
in /home/oborja/public_html/gitSHEWEB/sheweb/html/sheweb/protected/extensions/menu/SMenu.php (259)
in /home/oborja/public_html/gitSHEWEB/sheweb/html/sheweb/protected/extensions/menu/SMenu.php (188)
in /home/oborja/public_html/gitSHEWEB/sheweb/html/sheweb/protected/extensions/menu/SMenu.php (152)
2012/12/20 17:51:00 [error] [exception.CException] exception 'CException' with message 'Property "DefaultController.subMenu" is not defined.' in /home/oborja/public_html/gitSHEWEB/sheweb/yii-1.1.12.b600af/framework/base/CComponent.php:174
Stack trace:
#0 /home/oborja/public_html/gitSHEWEB/sheweb/html/sheweb/protected/modules/Parametros/views/default/index.php(10): CComponent->__set('subMenu', Array)
#1 /home/oborja/public_html/gitSHEWEB/sheweb/yii-1.1.12.b600af/framework/web/CBaseController.php(127): require('/home/oborja/pu...')
#2 /home/oborja/public_html/gitSHEWEB/sheweb/yii-1.1.12.b600af/framework/web/CBaseController.php(96): CBaseController->renderInternal('/home/oborja/pu...', NULL, true)
#3 /home/oborja/public_html/gitSHEWEB/sheweb/yii-1.1.12.b600af/framework/web/CController.php(870): CBaseController->renderFile('/home/oborja/pu...', NULL, true)
#4 /home/oborja/public_html/gitSHEWEB/sheweb/yii-1.1.12.b600af/framework/web/CController.php(783): CController->renderPartial('index', NULL, true)
#5 /home/oborja/public_html/gitSHEWEB/sheweb/html/sheweb/protected/modules/Parametros/controllers/DefaultController.php(7): CController->render('index')
#6 /home/oborja/public_html/gitSHEWEB/sheweb/yii-1.1.12.b600af/framework/web/actions/CInlineAction.php(50): DefaultController->actionIndex()
#7 /home/oborja/public_html/gitSHEWEB/sheweb/yii-1.1.12.b600af/framework/web/CController.php(309): CInlineAction->runWithParams(Array)
#8 /home/oborja/public_html/gitSHEWEB/sheweb/yii-1.1.12.b600af/framework/web/CController.php(287): CController->runAction(Object(CInlineAction))
#9 /home/oborja/public_html/gitSHEWEB/sheweb/yii-1.1.12.b600af/framework/web/CController.php(266): CController->runActionWithFilters(Object(CInlineAction), Array)
#10 /home/oborja/public_html/gitSHEWEB/sheweb/yii-1.1.12.b600af/framework/web/CWebApplication.php(283): CController->run('')
#11 /home/oborja/public_html/gitSHEWEB/sheweb/yii-1.1.12.b600af/framework/web/CWebApplication.php(142): CWebApplication->runController('Parametros')
#12 /home/oborja/public_html/gitSHEWEB/sheweb/yii-1.1.12.b600af/framework/base/CApplication.php(162): CWebApplication->processRequest()
#13 /home/oborja/public_html/gitSHEWEB/sheweb/html/sheweb/index.php(13): CApplication->run()
#14 {main}
REQUEST_URI=/~oborja/gitSHEWEB/sheweb/html/sheweb/index.php/Parametros
HTTP_REFERER=http://localhost/~oborja/gitSHEWEB/sheweb/html/sheweb/index.php/Parametros
---
2012/12/20 17:51:33 [error] [exception.CException] exception 'CException' with message 'Property "DefaultController.subMenu" is not defined.' in /home/oborja/public_html/gitSHEWEB/sheweb/yii-1.1.12.b600af/framework/base/CComponent.php:174
Stack trace:
#0 /home/oborja/public_html/gitSHEWEB/sheweb/html/sheweb/protected/modules/Parametros/views/default/index.php(10): CComponent->__set('subMenu', Array)
#1 /home/oborja/public_html/gitSHEWEB/sheweb/yii-1.1.12.b600af/framework/web/CBaseController.php(127): require('/home/oborja/pu...')
#2 /home/oborja/public_html/gitSHEWEB/sheweb/yii-1.1.12.b600af/framework/web/CBaseController.php(96): CBaseController->renderInternal('/home/oborja/pu...', NULL, true)
#3 /home/oborja/public_html/gitSHEWEB/sheweb/yii-1.1.12.b600af/framework/web/CController.php(870): CBaseController->renderFile('/home/oborja/pu...', NULL, true)
#4 /home/oborja/public_html/gitSHEWEB/sheweb/yii-1.1.12.b600af/framework/web/CController.php(783): CController->renderPartial('index', NULL, true)
#5 /home/oborja/public_html/gitSHEWEB/sheweb/html/sheweb/protected/modules/Parametros/controllers/DefaultController.php(7): CController->render('index')
#6 /home/oborja/public_html/gitSHEWEB/sheweb/yii-1.1.12.b600af/framework/web/actions/CInlineAction.php(50): DefaultController->actionIndex()
#7 /home/oborja/public_html/gitSHEWEB/sheweb/yii-1.1.12.b600af/framework/web/CController.php(309): CInlineAction->runWithParams(Array)
#8 /home/oborja/public_html/gitSHEWEB/sheweb/yii-1.1.12.b600af/framework/web/CController.php(287): CController->runAction(Object(CInlineAction))
#9 /home/oborja/public_html/gitSHEWEB/sheweb/yii-1.1.12.b600af/framework/web/CController.php(266): CController->runActionWithFilters(Object(CInlineAction), Array)
#10 /home/oborja/public_html/gitSHEWEB/sheweb/yii-1.1.12.b600af/framework/web/CWebApplication.php(283): CController->run('')
#11 /home/oborja/public_html/gitSHEWEB/sheweb/yii-1.1.12.b600af/framework/web/CWebApplication.php(142): CWebApplication->runController('Parametros')
#12 /home/oborja/public_html/gitSHEWEB/sheweb/yii-1.1.12.b600af/framework/base/CApplication.php(162): CWebApplication->processRequest()
#13 /home/oborja/public_html/gitSHEWEB/sheweb/html/sheweb/index.php(13): CApplication->run()
#14 {main}
REQUEST_URI=/~oborja/gitSHEWEB/sheweb/html/sheweb/index.php/Parametros
---
2012/12/20 17:51:43 [error] [exception.CException] exception 'CException' with message 'Property "DefaultController.subMenu" is not defined.' in /home/oborja/public_html/gitSHEWEB/sheweb/yii-1.1.12.b600af/framework/base/CComponent.php:174
Stack trace:
#0 /home/oborja/public_html/gitSHEWEB/sheweb/html/sheweb/protected/modules/Parametros/views/default/index.php(10): CComponent->__set('subMenu', Array)
#1 /home/oborja/public_html/gitSHEWEB/sheweb/yii-1.1.12.b600af/framework/web/CBaseController.php(127): require('/home/oborja/pu...')
#2 /home/oborja/public_html/gitSHEWEB/sheweb/yii-1.1.12.b600af/framework/web/CBaseController.php(96): CBaseController->renderInternal('/home/oborja/pu...', NULL, true)
#3 /home/oborja/public_html/gitSHEWEB/sheweb/yii-1.1.12.b600af/framework/web/CController.php(870): CBaseController->renderFile('/home/oborja/pu...', NULL, true)
#4 /home/oborja/public_html/gitSHEWEB/sheweb/yii-1.1.12.b600af/framework/web/CController.php(783): CController->renderPartial('index', NULL, true)
#5 /home/oborja/public_html/gitSHEWEB/sheweb/html/sheweb/protected/modules/Parametros/controllers/DefaultController.php(7): CController->render('index')
#6 /home/oborja/public_html/gitSHEWEB/sheweb/yii-1.1.12.b600af/framework/web/actions/CInlineAction.php(50): DefaultController->actionIndex()
#7 /home/oborja/public_html/gitSHEWEB/sheweb/yii-1.1.12.b600af/framework/web/CController.php(309): CInlineAction->runWithParams(Array)
#8 /home/oborja/public_html/gitSHEWEB/sheweb/yii-1.1.12.b600af/framework/web/CController.php(287): CController->runAction(Object(CInlineAction))
#9 /home/oborja/public_html/gitSHEWEB/sheweb/yii-1.1.12.b600af/framework/web/CController.php(266): CController->runActionWithFilters(Object(CInlineAction), Array)
#10 /home/oborja/public_html/gitSHEWEB/sheweb/yii-1.1.12.b600af/framework/web/CWebApplication.php(283): CController->run('')
#11 /home/oborja/public_html/gitSHEWEB/sheweb/yii-1.1.12.b600af/framework/web/CWebApplication.php(142): CWebApplication->runController('Parametros')
#12 /home/oborja/public_html/gitSHEWEB/sheweb/yii-1.1.12.b600af/framework/base/CApplication.php(162): CWebApplication->processRequest()
#13 /home/oborja/public_html/gitSHEWEB/sheweb/html/sheweb/index.php(13): CApplication->run()
#14 {main}
REQUEST_URI=/~oborja/gitSHEWEB/sheweb/html/sheweb/index.php/Parametros
HTTP_REFERER=http://localhost/~oborja/gitSHEWEB/sheweb/html/sheweb/index.php
---
